[+] Containers:
 |- [+] Container: /Game/FirstPerson/Maps/FirstPersonMap
 |   |- [+] ActorDescs:
 |   |   |- Guid:0EDB289B45CB7E0977A6DBA74201EE76 BaseClass: NativeClass:/Script/Engine.StaticMeshActor Name:StaticMeshActor_10 Label:SM_Cube6 SpatiallyLoaded:1 Bounds:IsValid=true, Min=(X=2900.000 Y=100.000 Z=0.000), Max=(X=3000.000 Y=3400.000 Z=400.000) RuntimeGrid:None EditorOnly:0 RuntimeOnly:0 HLODRelevant:1 FolderPath:Playground FolderGuid:6C02BB504B69D1F3D7A624B130C18E5B
 |   |   |- Guid:1876105C4FA0DF7F6E01B7B8EBBD299F BaseClass: NativeClass:/Script/Engine.StaticMeshActor Name:StaticMeshActor_UAID_489EBD2F993B728D01_1417448182 Label:Cube8 SpatiallyLoaded:1 Bounds:IsValid=true, Min=(X=2585.000 Y=1545.000 Z=20.000), Max=(X=2715.000 Y=1555.000 Z=120.000) RuntimeGrid:None EditorOnly:0 RuntimeOnly:0 HLODRelevant:0
 |   |   |- Guid:1F5B73A949B1D9BACA321FA639E308D0 BaseClass: NativeClass:/Script/Niagara.NiagaraActor Name:NiagaraActor_UAID_489EBD2F993B678D01_1684692222 Label:gas4 SpatiallyLoaded:1 Bounds:IsValid=true, Min=(X=1520.000 Y=2270.000 Z=220.000), Max=(X=1820.000 Y=2870.000 Z=520.000) RuntimeGrid:None EditorOnly:0 RuntimeOnly:0 HLODRelevant:0
 |   |   |- Guid:21262252453B37957EF29F82ABA2413B BaseClass: NativeClass:/Script/Engine.TextRenderActor Name:TextRenderActor_1 Label:TextRenderActor SpatiallyLoaded:1 Bounds:IsValid=true, Min=(X=-0.100 Y=1100.000 Z=65.013), Max=(X=-0.100 Y=2363.461 Z=215.013) RuntimeGrid:None EditorOnly:0 RuntimeOnly:0 HLODRelevant:0
 |   |   |- Guid:3DE4801C48B66B618EA7BAB6C6AEAAA5 BaseClass: NativeClass:/Script/Engine.StaticMeshActor Name:StaticMeshActor_UAID_489EBD2F993B678D01_1404496218 Label:Sphere SpatiallyLoaded:1 Bounds:IsValid=true, Min=(X=1620.000 Y=2130.000 Z=270.000), Max=(X=1720.000 Y=2230.000 Z=370.000) RuntimeGrid:None EditorOnly:0 RuntimeOnly:0 HLODRelevant:1
 |   |   |- Guid:42604E3A48D476AA73242F93E1ADFD68 BaseClass: NativeClass:/Script/Engine.PointLight Name:PointLight_UAID_489EBD2F993B668D01_1243286017 Label:PointLight5 SpatiallyLoaded:1 Bounds:IsValid=true, Min=(X=-8350.000 Y=-6610.000 Z=-9640.000), Max=(X=11650.000 Y=13390.000 Z=10360.000) RuntimeGrid:None EditorOnly:0 RuntimeOnly:0 HLODRelevant:0
 |   |   |- Guid:4E7B03D240C8095A98E5708F41E1DDD8 BaseClass: NativeClass:/Script/Engine.StaticMeshActor Name:StaticMeshActor_15 Label:SM_Cube10 SpatiallyLoaded:1 Bounds:IsValid=true, Min=(X=2345.000 Y=1000.000 Z=100.000), Max=(X=2545.000 Y=1100.000 Z=200.000) RuntimeGrid:None EditorOnly:0 RuntimeOnly:0 HLODRelevant:1 FolderPath:Block01 FolderGuid:5710F1034B6DC7FBD588718E283EB93C
 |   |   |- Guid:540E8C5E4191C186DAFA39989A42F977 BaseClass: NativeClass:/Script/Engine.StaticMeshActor Name:StaticMeshActor_13 Label:SM_Cube9 SpatiallyLoaded:1 Bounds:IsValid=true, Min=(X=2345.000 Y=400.000 Z=0.000), Max=(X=2545.000 Y=1100.000 Z=100.000) RuntimeGrid:None EditorOnly:0 RuntimeOnly:0 HLODRelevant:1 FolderPath:Block01 FolderGuid:5710F1034B6DC7FBD588718E283EB93C
 |   |   |- Guid:547B8B594967A3972E978594AED3F15C BaseClass: NativeClass:/Script/Niagara.NiagaraActor Name:NiagaraActor_UAID_489EBD2F993B678D01_1673236220 Label:gas2 SpatiallyLoaded:1 Bounds:IsValid=true, Min=(X=1520.000 Y=2270.000 Z=260.000), Max=(X=1820.000 Y=2870.000 Z=560.000) RuntimeGrid:None EditorOnly:0 RuntimeOnly:0 HLODRelevant:0
 |   |   |- Guid:5F5F61E8485626C2E11444A275E53585 BaseClass: NativeClass:/Script/Engine.StaticMeshActor Name:StaticMeshActor_6 Label:SM_Ramp2 SpatiallyLoaded:1 Bounds:IsValid=true, Min=(X=1945.000 Y=400.000 Z=0.000), Max=(X=2345.000 Y=600.000 Z=100.000) RuntimeGrid:None EditorOnly:0 RuntimeOnly:0 HLODRelevant:1 FolderPath:Block01 FolderGuid:5710F1034B6DC7FBD588718E283EB93C
 |   |   |- Guid:5FE7584649BB6F09265329A6C57CFD0D BaseClass: NativeClass:/Script/Engine.VolumetricCloud Name:VolumetricCloud_0 Label:VolumetricCloud SpatiallyLoaded:0 Bounds:IsValid=true, Min=(X=0.000 Y=0.000 Z=820.000), Max=(X=0.000 Y=0.000 Z=820.000) RuntimeGrid:None EditorOnly:0 RuntimeOnly:0 HLODRelevant:0 FolderPath:Lighting FolderGuid:0BA5F0A04EADB18E70D5B180D08FA34B
 |   |   |- Guid:61391D344900612A77DFC3BA3E354907 BaseClass: NativeClass:/Script/Engine.ExponentialHeightFog Name:ExponentialHeightFog_0 Label:ExponentialHeightFog SpatiallyLoaded:0 Bounds:IsValid=true, Min=(X=-5600.000 Y=-50.000 Z=-6850.000), Max=(X=-5600.000 Y=-50.000 Z=-6850.000) RuntimeGrid:None EditorOnly:0 RuntimeOnly:0 HLODRelevant:0 FolderPath:Lighting FolderGuid:0BA5F0A04EADB18E70D5B180D08FA34B
 |   |   |- Guid:6AA32B3B45A1FAEB9B90F6A72FD3DCEB BaseClass: NativeClass:/Script/Niagara.NiagaraActor Name:NiagaraActor_UAID_489EBD2F993B728D01_1285996176 Label:gas6 SpatiallyLoaded:1 Bounds:IsValid=true, Min=(X=1520.000 Y=2270.000 Z=260.000), Max=(X=1820.000 Y=2870.000 Z=560.000) RuntimeGrid:None EditorOnly:0 RuntimeOnly:0 HLODRelevant:0
 |   |   |- Guid:6E5738964E0CB78EF9AB669468A9A2E0 BaseClass: NativeClass:/Script/Engine.StaticMeshActor Name:StaticMeshActor_UAID_489EBD2F993B688D01_1732776402 Label:Extrude2 SpatiallyLoaded:1 Bounds:IsValid=true, Min=(X=2580.000 Y=2700.000 Z=50.000), Max=(X=2700.000 Y=2760.000 Z=150.000) RuntimeGrid:None EditorOnly:0 RuntimeOnly:0 HLODRelevant:0
 |   |   |- Guid:6F3046E247DDE89F49D064A0CA3236C1 BaseClass: NativeClass:/Script/Engine.StaticMeshActor Name:StaticMeshActor_UAID_489EBD2F993B688D01_1704944401 Label:Extrude SpatiallyLoaded:1 Bounds:IsValid=true, Min=(X=1600.000 Y=2250.000 Z=220.000), Max=(X=1720.000 Y=2430.000 Z=260.000) RuntimeGrid:None EditorOnly:0 RuntimeOnly:0 HLODRelevant:0
 |   |   |- Guid:6FEFB3BD4EB37B849EF0D4AC80F83855 BaseClass: NativeClass:/Script/Engine.WorldDataLayers Name:WorldDataLayers Label:WorldDataLayers SpatiallyLoaded:0 Bounds:IsValid=true, Min=(X=0.000 Y=0.000 Z=0.000), Max=(X=0.000 Y=0.000 Z=0.000) RuntimeGrid:None EditorOnly:0 RuntimeOnly:0 HLODRelevant:0
 |   |   |- Guid:78CAF7514C7533F30BD2F19A017AAB65 BaseClass: NativeClass:/Script/Engine.StaticMeshActor Name:StaticMeshActor_0 Label:SM_Cube SpatiallyLoaded:1 Bounds:IsValid=true, Min=(X=0.000 Y=0.000 Z=-50.000), Max=(X=3000.000 Y=3500.000 Z=0.000) RuntimeGrid:None EditorOnly:0 RuntimeOnly:0 HLODRelevant:1 FolderPath:Playground FolderGuid:6C02BB504B69D1F3D7A624B130C18E5B
 |   |   |- Guid:814734BD4096B71DB13B0685B821EC3C BaseClass: NativeClass:/Script/Niagara.NiagaraActor Name:NiagaraActor_UAID_489EBD2F993B678D01_1677151221 Label:gas3 SpatiallyLoaded:1 Bounds:IsValid=true, Min=(X=1520.000 Y=2270.000 Z=180.000), Max=(X=1820.000 Y=2870.000 Z=480.000) RuntimeGrid:None EditorOnly:0 RuntimeOnly:0 HLODRelevant:0
 |   |   |- Guid:8559D1384B14F466E8927697A36C1D78 BaseClass: NativeClass:/Script/Engine.StaticMeshActor Name:StaticMeshActor_9 Label:SM_Cube5 SpatiallyLoaded:1 Bounds:IsValid=true, Min=(X=-0.000 Y=100.000 Z=0.000), Max=(X=100.000 Y=3400.000 Z=400.000) RuntimeGrid:None EditorOnly:0 RuntimeOnly:0 HLODRelevant:1 FolderPath:Playground FolderGuid:6C02BB504B69D1F3D7A624B130C18E5B
 |   |   |- Guid:90B7B8D3420C2EABA931D3A6A69DF696 BaseClass: NativeClass:/Script/Engine.StaticMeshActor Name:StaticMeshActor_3 Label:SM_Cube2 SpatiallyLoaded:1 Bounds:IsValid=true, Min=(X=0.000 Y=0.000 Z=0.000), Max=(X=3000.000 Y=100.000 Z=400.000) RuntimeGrid:None EditorOnly:0 RuntimeOnly:0 HLODRelevant:1 FolderPath:Playground FolderGuid:6C02BB504B69D1F3D7A624B130C18E5B
 |   |   |- Guid:A183CFD84E3E0E3D2E2C2AB0ADEEB85B BaseClass: NativeClass:/Script/Engine.SkeletalMeshActor Name:SkeletalMeshActor_UAID_489EBD2F993B6B8D01_1655956936 Label:SportsCar_PhysicsAsset SpatiallyLoaded:1 Bounds:IsValid=true, Min=(X=1576.493 Y=2459.350 Z=1335.341), Max=(X=2047.594 Y=2720.650 Z=1471.318) RuntimeGrid:None EditorOnly:0 RuntimeOnly:0 HLODRelevant:0
 |   |   |- Guid:AA97E50D47F11D0CECE8F49E7E10084D BaseClass: NativeClass:/Script/Engine.StaticMeshActor Name:StaticMeshActor_UAID_489EBD2F993B718D01_1672385999 Label:Extrude3 SpatiallyLoaded:1 Bounds:IsValid=true, Min=(X=1860.000 Y=1940.000 Z=290.000), Max=(X=2060.000 Y=2100.000 Z=370.000) RuntimeGrid:None EditorOnly:0 RuntimeOnly:0 HLODRelevant:0
 |   |   |- Guid:B1E356C04D0CD1605DCFE9B7A83B3E98 BaseClass: NativeClass:/Script/Engine.StaticMeshActor Name:StaticMeshActor_5 Label:SM_Cube4 SpatiallyLoaded:1 Bounds:IsValid=true, Min=(X=850.000 Y=600.000 Z=0.000), Max=(X=2350.000 Y=3600.000 Z=200.000) RuntimeGrid:None EditorOnly:0 RuntimeOnly:0 HLODRelevant:1 FolderPath:Block01 FolderGuid:5710F1034B6DC7FBD588718E283EB93C
 |   |   |- Guid:B787CA594DD454DA91AEBEA988B142D2 BaseClass: NativeClass:/Script/Engine.PointLight Name:PointLight_UAID_489EBD2F993B668D01_1169085013 Label:PointLight SpatiallyLoaded:1 Bounds:IsValid=true, Min=(X=450.000 Y=770.000 Z=-680.000), Max=(X=2450.000 Y=2770.000 Z=1320.000) RuntimeGrid:None EditorOnly:0 RuntimeOnly:0 HLODRelevant:0
 |   |   |- Guid:BAB275144FBDCFC45F9CC0893BA5A5BF BaseClass: NativeClass:/Script/Engine.SkeletalMeshActor Name:SkeletalMeshActor_UAID_489EBD2F993B698D01_1558648579 Label:SKM_SportsCar SpatiallyLoaded:1 Bounds:IsValid=true, Min=(X=1249.350 Y=1792.370 Z=409.006), Max=(X=1510.650 Y=2145.695 Z=510.988) RuntimeGrid:None EditorOnly:0 RuntimeOnly:0 HLODRelevant:0
 |   |   |- Guid:BD8D0A4943E4311400B477A4B9BEC656 BaseClass: NativeClass:/Script/Engine.StaticMeshActor Name:StaticMeshActor_UAID_489EBD2F993B728D01_1390739179 Label:Cube5 SpatiallyLoaded:1 Bounds:IsValid=true, Min=(X=2600.000 Y=1555.000 Z=20.000), Max=(X=2700.000 Y=1565.000 Z=120.000) RuntimeGrid:None EditorOnly:0 RuntimeOnly:0 HLODRelevant:1
 |   |   |- Guid:C0C56B9644AE3D40CAFF6A878DB29844 BaseClass: NativeClass:/Script/Engine.StaticMeshActor Name:StaticMeshActor_UAID_A4AE111137DC5EFB00_2001720423 Label:SM_SkySphere SpatiallyLoaded:0 Bounds:IsValid=true, Min=(X=-1638400.000 Y=-1638400.000 Z=-1638400.000), Max=(X=1638400.000 Y=1638400.000 Z=1638400.000) RuntimeGrid:None EditorOnly:0 RuntimeOnly:0 HLODRelevant:1 FolderPath:Lighting FolderGuid:0BA5F0A04EADB18E70D5B180D08FA34B
 |   |   |- Guid:C22CE07C4B87D685137FDBBC10FC92C6 BaseClass: NativeClass:/Script/Engine.SkyAtmosphere Name:SkyAtmosphere_0 Label:SkyAtmosphere SpatiallyLoaded:0 Bounds:IsValid=true, Min=(X=0.000 Y=0.000 Z=1020.000), Max=(X=0.000 Y=0.000 Z=1020.000) RuntimeGrid:None EditorOnly:0 RuntimeOnly:0 HLODRelevant:0 FolderPath:Lighting FolderGuid:0BA5F0A04EADB18E70D5B180D08FA34B
 |   |   |- Guid:C95E47BC426FC729053E1DBEB78ED705 BaseClass: NativeClass:/Script/Engine.PointLight Name:PointLight_UAID_489EBD2F993B668D01_1181994014 Label:PointLight2 SpatiallyLoaded:1 Bounds:IsValid=true, Min=(X=780.000 Y=770.000 Z=-680.000), Max=(X=2780.000 Y=2770.000 Z=1320.000) RuntimeGrid:None EditorOnly:0 RuntimeOnly:0 HLODRelevant:0
 |   |   |- Guid:CC0393A34F3A355312F43EB23C982860 BaseClass: NativeClass:/Script/Engine.SkeletalMeshActor Name:SkeletalMeshActor_UAID_489EBD2F993B688D01_1355448399 Label:SportsCar_CtrlRig SpatiallyLoaded:1 Bounds:IsValid=true, Min=(X=216.493 Y=2989.350 Z=-14.659), Max=(X=687.594 Y=3250.650 Z=121.318) RuntimeGrid:None EditorOnly:0 RuntimeOnly:0 HLODRelevant:0
 |   |   |- Guid:CD5B522243837D1B9225D5AC8AE21105 BaseClass: NativeClass:/Script/Engine.PointLight Name:PointLight_UAID_489EBD2F993B668D01_1207824015 Label:PointLight3 SpatiallyLoaded:1 Bounds:IsValid=true, Min=(X=780.000 Y=1230.000 Z=-680.000), Max=(X=2780.000 Y=3230.000 Z=1320.000) RuntimeGrid:None EditorOnly:0 RuntimeOnly:0 HLODRelevant:0
 |   |   |- Guid:CE8D82634660FCDB3120E2B8D547C533 BaseClass: NativeClass:/Script/Engine.PostProcessVolume Name:PostProcessVolume_0 Label:PostProcessVolume SpatiallyLoaded:0 Bounds:IsValid=true, Min=(X=0.000 Y=0.000 Z=400.000), Max=(X=200.000 Y=200.000 Z=600.000) RuntimeGrid:None EditorOnly:0 RuntimeOnly:0 HLODRelevant:0 FolderPath:Lighting FolderGuid:0BA5F0A04EADB18E70D5B180D08FA34B
 |   |   |- Guid:D18B9C9F4A3DED75A9F07E8E7AF2AA96 BaseClass: NativeClass:/Script/Niagara.NiagaraActor Name:NiagaraActor_UAID_489EBD2F993B6D8D01_1121576289 Label:gas5 SpatiallyLoaded:1 Bounds:IsValid=true, Min=(X=1520.000 Y=2270.000 Z=180.000), Max=(X=1820.000 Y=2870.000 Z=480.000) RuntimeGrid:None EditorOnly:0 RuntimeOnly:0 HLODRelevant:0
 |   |   |- Guid:D5703A9A4A6DFA3A9F31BFBF34889106 BaseClass: NativeClass:/Script/Engine.StaticMeshActor Name:StaticMeshActor_UAID_489EBD2F993B728D01_1400358180 Label:Cube6 SpatiallyLoaded:1 Bounds:IsValid=true, Min=(X=2780.000 Y=1525.000 Z=20.000), Max=(X=2880.000 Y=1535.000 Z=120.000) RuntimeGrid:None EditorOnly:0 RuntimeOnly:0 HLODRelevant:1
 |   |   |- Guid:DC0A7079477F8FEEDD32298B629B4A6E BaseClass: NativeClass:/Script/Engine.Actor Name:Actor_UAID_489EBD2F993B6B8D01_1192205933 Label:Actor SpatiallyLoaded:1 Bounds:IsValid=true, Min=(X=2250.000 Y=1500.000 Z=180.000), Max=(X=2250.000 Y=1500.000 Z=180.000) RuntimeGrid:None EditorOnly:0 RuntimeOnly:0 HLODRelevant:0
 |   |   |- Guid:E08BF98E491412B97D88138826968FB5 BaseClass: NativeClass:/Script/Engine.StaticMeshActor Name:StaticMeshActor_UAID_489EBD2F993B638D01_1842995482 Label:Cube SpatiallyLoaded:1 Bounds:IsValid=true, Min=(X=2680.000 Y=1130.000 Z=210.000), Max=(X=2780.000 Y=1230.000 Z=310.000) RuntimeGrid:None EditorOnly:0 RuntimeOnly:0 HLODRelevant:0
 |   |   |- Guid:E1BAC52C4CF8697207D0BBB9ED7B0859 BaseClass: NativeClass:/Script/Engine.StaticMeshActor Name:StaticMeshActor_UAID_489EBD2F993B728D01_1404998181 Label:Cube7 SpatiallyLoaded:1 Bounds:IsValid=true, Min=(X=2780.000 Y=1555.000 Z=20.000), Max=(X=2880.000 Y=1565.000 Z=120.000) RuntimeGrid:None EditorOnly:0 RuntimeOnly:0 HLODRelevant:1
 |   |   |- Guid:E29A4B7440247FD549B1EE9BEB107244 BaseClass: NativeClass:/Script/Engine.StaticMeshActor Name:StaticMeshActor_UAID_489EBD2F993B668D01_1359310020 Label:Cube2 SpatiallyLoaded:1 Bounds:IsValid=true, Min=(X=1620.237 Y=1657.778 Z=270.012), Max=(X=1720.237 Y=1757.778 Z=370.012) RuntimeGrid:None EditorOnly:0 RuntimeOnly:0 HLODRelevant:0
 |   |   |- Guid:E4C5D13849973D6A3CE305BD521BB1EE BaseClass: NativeClass:/Script/Engine.StaticMeshActor Name:StaticMeshActor_UAID_489EBD2F993B728D01_1367290178 Label:Cube4 SpatiallyLoaded:1 Bounds:IsValid=true, Min=(X=2600.000 Y=1525.000 Z=20.000), Max=(X=2700.000 Y=1535.000 Z=120.000) RuntimeGrid:None EditorOnly:0 RuntimeOnly:0 HLODRelevant:1
 |   |   |- Guid:E5320C1B4FD9764CE7B54D8487AEC613 BaseClass: NativeClass:/Script/Engine.SkyLight Name:SkyLight_0 Label:SkyLight SpatiallyLoaded:0 Bounds:IsValid=true, Min=(X=0.000 Y=0.000 Z=690.000), Max=(X=0.000 Y=0.000 Z=690.000) RuntimeGrid:None EditorOnly:0 RuntimeOnly:0 HLODRelevant:0 FolderPath:Lighting FolderGuid:0BA5F0A04EADB18E70D5B180D08FA34B
 |   |   |- Guid:EB260A4343402177EF2FA8AA9CCA795D BaseClass: NativeClass:/Script/Engine.StaticMeshActor Name:StaticMeshActor_14 Label:SM_Ramp3 SpatiallyLoaded:1 Bounds:IsValid=true, Min=(X=2345.000 Y=600.000 Z=100.000), Max=(X=2545.000 Y=1000.000 Z=200.000) RuntimeGrid:None EditorOnly:0 RuntimeOnly:0 HLODRelevant:1 FolderPath:Block01 FolderGuid:5710F1034B6DC7FBD588718E283EB93C
 |   |   |- Guid:EF9C34CC4DFCEBC07D9A669DBDF2C54B BaseClass: NativeClass:/Script/LevelSequence.LevelSequenceActor Name:LevelSequenceActor_UAID_489EBD2F993B688D01_1355455400 Label:SportsCar_CtrlRig_Take1 SpatiallyLoaded:0 Bounds:IsValid=true, Min=(X=0.000 Y=0.000 Z=0.000), Max=(X=0.000 Y=0.000 Z=0.000) RuntimeGrid:None EditorOnly:0 RuntimeOnly:0 HLODRelevant:0
 |   |   |- Guid:EFB1EE884FA127921CC758B341A04C03 BaseClass: NativeClass:/Script/Engine.PointLight Name:PointLight_UAID_489EBD2F993B668D01_1215676016 Label:PointLight4 SpatiallyLoaded:1 Bounds:IsValid=true, Min=(X=450.000 Y=1230.000 Z=-680.000), Max=(X=2450.000 Y=3230.000 Z=1320.000) RuntimeGrid:None EditorOnly:0 RuntimeOnly:0 HLODRelevant:0
 |   |   |- Guid:F07F1AF64C7C7C238EE1B4BF8C122DD8 BaseClass: NativeClass:/Script/Engine.StaticMeshActor Name:StaticMeshActor_4 Label:SM_Cube3 SpatiallyLoaded:1 Bounds:IsValid=true, Min=(X=0.000 Y=3400.000 Z=0.000), Max=(X=3000.000 Y=3500.000 Z=400.000) RuntimeGrid:None EditorOnly:0 RuntimeOnly:0 HLODRelevant:1 FolderPath:Playground FolderGuid:6C02BB504B69D1F3D7A624B130C18E5B
 |   |   |- Guid:F7A7C99E4F7D843B6F3C91898697BD3E BaseClass: NativeClass:/Script/Niagara.NiagaraActor Name:NiagaraActor_UAID_489EBD2F993B678D01_1591658219 Label:gas SpatiallyLoaded:1 Bounds:IsValid=true, Min=(X=1520.000 Y=2270.000 Z=300.000), Max=(X=1820.000 Y=2870.000 Z=600.000) RuntimeGrid:None EditorOnly:0 RuntimeOnly:0 HLODRelevant:0
 |   |   |- Guid:F80621C9446867154938FE81375207DA BaseClass: NativeClass:/Script/Engine.DirectionalLight Name:DirectionalLight_1 Label:DirectionalLight SpatiallyLoaded:0 Bounds:IsValid=true, Min=(X=-1048576.000 Y=-1048576.000 Z=-1048576.000), Max=(X=1048576.000 Y=1048576.000 Z=1048576.000) RuntimeGrid:None EditorOnly:0 RuntimeOnly:0 HLODRelevant:0 FolderPath:Lighting FolderGuid:0BA5F0A04EADB18E70D5B180D08FA34B
 |   |   |- Guid:FAD1B8F347C79D1FBA1F8C82CD7F97BB BaseClass: NativeClass:/Script/Engine.StaticMeshActor Name:StaticMeshActor_UAID_489EBD2F993B728D01_1318334177 Label:Cube3 SpatiallyLoaded:1 Bounds:IsValid=true, Min=(X=2470.000 Y=1050.000 Z=-175.000), Max=(X=2570.000 Y=1150.000 Z=-165.000) RuntimeGrid:None EditorOnly:0 RuntimeOnly:0 HLODRelevant:1
 |   |   |- Guid:FC6CFC4548B42542714744B9EA2B0404 BaseClass: NativeClass:/Script/GeometryCollectionEngine.GeometryCollectionActor Name:GeometryCollectionActor_UAID_489EBD2F993B648D01_2022202659 Label:NewGeometryCollection SpatiallyLoaded:1 Bounds:IsValid=true, Min=(X=650.000 Y=2710.000 Z=210.000), Max=(X=650.000 Y=2710.000 Z=210.000) RuntimeGrid:None EditorOnly:0 RuntimeOnly:0 HLODRelevant:0
 |   |- [+] Clusters:
 |   |   |- [+] [  0]
 |   |   |   |- Guid:540E8C5E4191C186DAFA39989A42F977 BaseClass: NativeClass:/Script/Engine.StaticMeshActor Name:StaticMeshActor_13 Label:SM_Cube9 SpatiallyLoaded:1 Bounds:IsValid=true, Min=(X=2345.000 Y=400.000 Z=0.000), Max=(X=2545.000 Y=1100.000 Z=100.000) RuntimeGrid:None EditorOnly:0 RuntimeOnly:0 HLODRelevant:1 FolderPath:Block01 FolderGuid:5710F1034B6DC7FBD588718E283EB93C
 |   |   |- [+] [  1]
 |   |   |   |- Guid:61391D344900612A77DFC3BA3E354907 BaseClass: NativeClass:/Script/Engine.ExponentialHeightFog Name:ExponentialHeightFog_0 Label:ExponentialHeightFog SpatiallyLoaded:0 Bounds:IsValid=true, Min=(X=-5600.000 Y=-50.000 Z=-6850.000), Max=(X=-5600.000 Y=-50.000 Z=-6850.000) RuntimeGrid:None EditorOnly:0 RuntimeOnly:0 HLODRelevant:0 FolderPath:Lighting FolderGuid:0BA5F0A04EADB18E70D5B180D08FA34B
 |   |   |- [+] [  2]
 |   |   |   |- Guid:5FE7584649BB6F09265329A6C57CFD0D BaseClass: NativeClass:/Script/Engine.VolumetricCloud Name:VolumetricCloud_0 Label:VolumetricCloud SpatiallyLoaded:0 Bounds:IsValid=true, Min=(X=0.000 Y=0.000 Z=820.000), Max=(X=0.000 Y=0.000 Z=820.000) RuntimeGrid:None EditorOnly:0 RuntimeOnly:0 HLODRelevant:0 FolderPath:Lighting FolderGuid:0BA5F0A04EADB18E70D5B180D08FA34B
 |   |   |- [+] [  3]
 |   |   |   |- Guid:F80621C9446867154938FE81375207DA BaseClass: NativeClass:/Script/Engine.DirectionalLight Name:DirectionalLight_1 Label:DirectionalLight SpatiallyLoaded:0 Bounds:IsValid=true, Min=(X=-1048576.000 Y=-1048576.000 Z=-1048576.000), Max=(X=1048576.000 Y=1048576.000 Z=1048576.000) RuntimeGrid:None EditorOnly:0 RuntimeOnly:0 HLODRelevant:0 FolderPath:Lighting FolderGuid:0BA5F0A04EADB18E70D5B180D08FA34B
 |   |   |- [+] [  4]
 |   |   |   |- Guid:E08BF98E491412B97D88138826968FB5 BaseClass: NativeClass:/Script/Engine.StaticMeshActor Name:StaticMeshActor_UAID_489EBD2F993B638D01_1842995482 Label:Cube SpatiallyLoaded:1 Bounds:IsValid=true, Min=(X=2680.000 Y=1130.000 Z=210.000), Max=(X=2780.000 Y=1230.000 Z=310.000) RuntimeGrid:None EditorOnly:0 RuntimeOnly:0 HLODRelevant:0
 |   |   |- [+] [  5]
 |   |   |   |- Guid:C95E47BC426FC729053E1DBEB78ED705 BaseClass: NativeClass:/Script/Engine.PointLight Name:PointLight_UAID_489EBD2F993B668D01_1181994014 Label:PointLight2 SpatiallyLoaded:1 Bounds:IsValid=true, Min=(X=780.000 Y=770.000 Z=-680.000), Max=(X=2780.000 Y=2770.000 Z=1320.000) RuntimeGrid:None EditorOnly:0 RuntimeOnly:0 HLODRelevant:0
 |   |   |- [+] [  6]
 |   |   |   |- Guid:6E5738964E0CB78EF9AB669468A9A2E0 BaseClass: NativeClass:/Script/Engine.StaticMeshActor Name:StaticMeshActor_UAID_489EBD2F993B688D01_1732776402 Label:Extrude2 SpatiallyLoaded:1 Bounds:IsValid=true, Min=(X=2580.000 Y=2700.000 Z=50.000), Max=(X=2700.000 Y=2760.000 Z=150.000) RuntimeGrid:None EditorOnly:0 RuntimeOnly:0 HLODRelevant:0
 |   |   |- [+] [  7]
 |   |   |   |- Guid:21262252453B37957EF29F82ABA2413B BaseClass: NativeClass:/Script/Engine.TextRenderActor Name:TextRenderActor_1 Label:TextRenderActor SpatiallyLoaded:1 Bounds:IsValid=true, Min=(X=-0.100 Y=1100.000 Z=65.013), Max=(X=-0.100 Y=2363.461 Z=215.013) RuntimeGrid:None EditorOnly:0 RuntimeOnly:0 HLODRelevant:0
 |   |   |- [+] [  8]
 |   |   |   |- Guid:5F5F61E8485626C2E11444A275E53585 BaseClass: NativeClass:/Script/Engine.StaticMeshActor Name:StaticMeshActor_6 Label:SM_Ramp2 SpatiallyLoaded:1 Bounds:IsValid=true, Min=(X=1945.000 Y=400.000 Z=0.000), Max=(X=2345.000 Y=600.000 Z=100.000) RuntimeGrid:None EditorOnly:0 RuntimeOnly:0 HLODRelevant:1 FolderPath:Block01 FolderGuid:5710F1034B6DC7FBD588718E283EB93C
 |   |   |- [+] [  9]
 |   |   |   |- Guid:90B7B8D3420C2EABA931D3A6A69DF696 BaseClass: NativeClass:/Script/Engine.StaticMeshActor Name:StaticMeshActor_3 Label:SM_Cube2 SpatiallyLoaded:1 Bounds:IsValid=true, Min=(X=0.000 Y=0.000 Z=0.000), Max=(X=3000.000 Y=100.000 Z=400.000) RuntimeGrid:None EditorOnly:0 RuntimeOnly:0 HLODRelevant:1 FolderPath:Playground FolderGuid:6C02BB504B69D1F3D7A624B130C18E5B
 |   |   |- [+] [ 10]
 |   |   |   |- Guid:B1E356C04D0CD1605DCFE9B7A83B3E98 BaseClass: NativeClass:/Script/Engine.StaticMeshActor Name:StaticMeshActor_5 Label:SM_Cube4 SpatiallyLoaded:1 Bounds:IsValid=true, Min=(X=850.000 Y=600.000 Z=0.000), Max=(X=2350.000 Y=3600.000 Z=200.000) RuntimeGrid:None EditorOnly:0 RuntimeOnly:0 HLODRelevant:1 FolderPath:Block01 FolderGuid:5710F1034B6DC7FBD588718E283EB93C
 |   |   |- [+] [ 11]
 |   |   |   |- Guid:4E7B03D240C8095A98E5708F41E1DDD8 BaseClass: NativeClass:/Script/Engine.StaticMeshActor Name:StaticMeshActor_15 Label:SM_Cube10 SpatiallyLoaded:1 Bounds:IsValid=true, Min=(X=2345.000 Y=1000.000 Z=100.000), Max=(X=2545.000 Y=1100.000 Z=200.000) RuntimeGrid:None EditorOnly:0 RuntimeOnly:0 HLODRelevant:1 FolderPath:Block01 FolderGuid:5710F1034B6DC7FBD588718E283EB93C
 |   |   |- [+] [ 12]
 |   |   |   |- Guid:EF9C34CC4DFCEBC07D9A669DBDF2C54B BaseClass: NativeClass:/Script/LevelSequence.LevelSequenceActor Name:LevelSequenceActor_UAID_489EBD2F993B688D01_1355455400 Label:SportsCar_CtrlRig_Take1 SpatiallyLoaded:0 Bounds:IsValid=true, Min=(X=0.000 Y=0.000 Z=0.000), Max=(X=0.000 Y=0.000 Z=0.000) RuntimeGrid:None EditorOnly:0 RuntimeOnly:0 HLODRelevant:0
 |   |   |- [+] [ 13]
 |   |   |   |- Guid:E5320C1B4FD9764CE7B54D8487AEC613 BaseClass: NativeClass:/Script/Engine.SkyLight Name:SkyLight_0 Label:SkyLight SpatiallyLoaded:0 Bounds:IsValid=true, Min=(X=0.000 Y=0.000 Z=690.000), Max=(X=0.000 Y=0.000 Z=690.000) RuntimeGrid:None EditorOnly:0 RuntimeOnly:0 HLODRelevant:0 FolderPath:Lighting FolderGuid:0BA5F0A04EADB18E70D5B180D08FA34B
 |   |   |- [+] [ 14]
 |   |   |   |- Guid:F07F1AF64C7C7C238EE1B4BF8C122DD8 BaseClass: NativeClass:/Script/Engine.StaticMeshActor Name:StaticMeshActor_4 Label:SM_Cube3 SpatiallyLoaded:1 Bounds:IsValid=true, Min=(X=0.000 Y=3400.000 Z=0.000), Max=(X=3000.000 Y=3500.000 Z=400.000) RuntimeGrid:None EditorOnly:0 RuntimeOnly:0 HLODRelevant:1 FolderPath:Playground FolderGuid:6C02BB504B69D1F3D7A624B130C18E5B
 |   |   |- [+] [ 15]
 |   |   |   |- Guid:CC0393A34F3A355312F43EB23C982860 BaseClass: NativeClass:/Script/Engine.SkeletalMeshActor Name:SkeletalMeshActor_UAID_489EBD2F993B688D01_1355448399 Label:SportsCar_CtrlRig SpatiallyLoaded:1 Bounds:IsValid=true, Min=(X=216.493 Y=2989.350 Z=-14.659), Max=(X=687.594 Y=3250.650 Z=121.318) RuntimeGrid:None EditorOnly:0 RuntimeOnly:0 HLODRelevant:0
 |   |   |- [+] [ 16]
 |   |   |   |- Guid:78CAF7514C7533F30BD2F19A017AAB65 BaseClass: NativeClass:/Script/Engine.StaticMeshActor Name:StaticMeshActor_0 Label:SM_Cube SpatiallyLoaded:1 Bounds:IsValid=true, Min=(X=0.000 Y=0.000 Z=-50.000), Max=(X=3000.000 Y=3500.000 Z=0.000) RuntimeGrid:None EditorOnly:0 RuntimeOnly:0 HLODRelevant:1 FolderPath:Playground FolderGuid:6C02BB504B69D1F3D7A624B130C18E5B
 |   |   |- [+] [ 17]
 |   |   |   |- Guid:EB260A4343402177EF2FA8AA9CCA795D BaseClass: NativeClass:/Script/Engine.StaticMeshActor Name:StaticMeshActor_14 Label:SM_Ramp3 SpatiallyLoaded:1 Bounds:IsValid=true, Min=(X=2345.000 Y=600.000 Z=100.000), Max=(X=2545.000 Y=1000.000 Z=200.000) RuntimeGrid:None EditorOnly:0 RuntimeOnly:0 HLODRelevant:1 FolderPath:Block01 FolderGuid:5710F1034B6DC7FBD588718E283EB93C
 |   |   |- [+] [ 18]
 |   |   |   |- Guid:B787CA594DD454DA91AEBEA988B142D2 BaseClass: NativeClass:/Script/Engine.PointLight Name:PointLight_UAID_489EBD2F993B668D01_1169085013 Label:PointLight SpatiallyLoaded:1 Bounds:IsValid=true, Min=(X=450.000 Y=770.000 Z=-680.000), Max=(X=2450.000 Y=2770.000 Z=1320.000) RuntimeGrid:None EditorOnly:0 RuntimeOnly:0 HLODRelevant:0
 |   |   |- [+] [ 19]
 |   |   |   |- Guid:6F3046E247DDE89F49D064A0CA3236C1 BaseClass: NativeClass:/Script/Engine.StaticMeshActor Name:StaticMeshActor_UAID_489EBD2F993B688D01_1704944401 Label:Extrude SpatiallyLoaded:1 Bounds:IsValid=true, Min=(X=1600.000 Y=2250.000 Z=220.000), Max=(X=1720.000 Y=2430.000 Z=260.000) RuntimeGrid:None EditorOnly:0 RuntimeOnly:0 HLODRelevant:0
 |   |   |- [+] [ 20]
 |   |   |   |- Guid:0EDB289B45CB7E0977A6DBA74201EE76 BaseClass: NativeClass:/Script/Engine.StaticMeshActor Name:StaticMeshActor_10 Label:SM_Cube6 SpatiallyLoaded:1 Bounds:IsValid=true, Min=(X=2900.000 Y=100.000 Z=0.000), Max=(X=3000.000 Y=3400.000 Z=400.000) RuntimeGrid:None EditorOnly:0 RuntimeOnly:0 HLODRelevant:1 FolderPath:Playground FolderGuid:6C02BB504B69D1F3D7A624B130C18E5B
 |   |   |- [+] [ 21]
 |   |   |   |- Guid:6FEFB3BD4EB37B849EF0D4AC80F83855 BaseClass: NativeClass:/Script/Engine.WorldDataLayers Name:WorldDataLayers Label:WorldDataLayers SpatiallyLoaded:0 Bounds:IsValid=true, Min=(X=0.000 Y=0.000 Z=0.000), Max=(X=0.000 Y=0.000 Z=0.000) RuntimeGrid:None EditorOnly:0 RuntimeOnly:0 HLODRelevant:0
 |   |   |- [+] [ 22]
 |   |   |   |- Guid:C22CE07C4B87D685137FDBBC10FC92C6 BaseClass: NativeClass:/Script/Engine.SkyAtmosphere Name:SkyAtmosphere_0 Label:SkyAtmosphere SpatiallyLoaded:0 Bounds:IsValid=true, Min=(X=0.000 Y=0.000 Z=1020.000), Max=(X=0.000 Y=0.000 Z=1020.000) RuntimeGrid:None EditorOnly:0 RuntimeOnly:0 HLODRelevant:0 FolderPath:Lighting FolderGuid:0BA5F0A04EADB18E70D5B180D08FA34B
 |   |   |- [+] [ 23]
 |   |   |   |- Guid:C0C56B9644AE3D40CAFF6A878DB29844 BaseClass: NativeClass:/Script/Engine.StaticMeshActor Name:StaticMeshActor_UAID_A4AE111137DC5EFB00_2001720423 Label:SM_SkySphere SpatiallyLoaded:0 Bounds:IsValid=true, Min=(X=-1638400.000 Y=-1638400.000 Z=-1638400.000), Max=(X=1638400.000 Y=1638400.000 Z=1638400.000) RuntimeGrid:None EditorOnly:0 RuntimeOnly:0 HLODRelevant:1 FolderPath:Lighting FolderGuid:0BA5F0A04EADB18E70D5B180D08FA34B
 |   |   |- [+] [ 24]
 |   |   |   |- Guid:3DE4801C48B66B618EA7BAB6C6AEAAA5 BaseClass: NativeClass:/Script/Engine.StaticMeshActor Name:StaticMeshActor_UAID_489EBD2F993B678D01_1404496218 Label:Sphere SpatiallyLoaded:1 Bounds:IsValid=true, Min=(X=1620.000 Y=2130.000 Z=270.000), Max=(X=1720.000 Y=2230.000 Z=370.000) RuntimeGrid:None EditorOnly:0 RuntimeOnly:0 HLODRelevant:1
 |   |   |- [+] [ 25]
 |   |   |   |- Guid:AA97E50D47F11D0CECE8F49E7E10084D BaseClass: NativeClass:/Script/Engine.StaticMeshActor Name:StaticMeshActor_UAID_489EBD2F993B718D01_1672385999 Label:Extrude3 SpatiallyLoaded:1 Bounds:IsValid=true, Min=(X=1860.000 Y=1940.000 Z=290.000), Max=(X=2060.000 Y=2100.000 Z=370.000) RuntimeGrid:None EditorOnly:0 RuntimeOnly:0 HLODRelevant:0
 |   |   |- [+] [ 26]
 |   |   |   |- Guid:FC6CFC4548B42542714744B9EA2B0404 BaseClass: NativeClass:/Script/GeometryCollectionEngine.GeometryCollectionActor Name:GeometryCollectionActor_UAID_489EBD2F993B648D01_2022202659 Label:NewGeometryCollection SpatiallyLoaded:1 Bounds:IsValid=true, Min=(X=650.000 Y=2710.000 Z=210.000), Max=(X=650.000 Y=2710.000 Z=210.000) RuntimeGrid:None EditorOnly:0 RuntimeOnly:0 HLODRelevant:0
 |   |   |- [+] [ 27]
 |   |   |   |- Guid:E29A4B7440247FD549B1EE9BEB107244 BaseClass: NativeClass:/Script/Engine.StaticMeshActor Name:StaticMeshActor_UAID_489EBD2F993B668D01_1359310020 Label:Cube2 SpatiallyLoaded:1 Bounds:IsValid=true, Min=(X=1620.237 Y=1657.778 Z=270.012), Max=(X=1720.237 Y=1757.778 Z=370.012) RuntimeGrid:None EditorOnly:0 RuntimeOnly:0 HLODRelevant:0
 |   |   |- [+] [ 28]
 |   |   |   |- Guid:CE8D82634660FCDB3120E2B8D547C533 BaseClass: NativeClass:/Script/Engine.PostProcessVolume Name:PostProcessVolume_0 Label:PostProcessVolume SpatiallyLoaded:0 Bounds:IsValid=true, Min=(X=0.000 Y=0.000 Z=400.000), Max=(X=200.000 Y=200.000 Z=600.000) RuntimeGrid:None EditorOnly:0 RuntimeOnly:0 HLODRelevant:0 FolderPath:Lighting FolderGuid:0BA5F0A04EADB18E70D5B180D08FA34B
 |   |   |- [+] [ 29]
 |   |   |   |- Guid:8559D1384B14F466E8927697A36C1D78 BaseClass: NativeClass:/Script/Engine.StaticMeshActor Name:StaticMeshActor_9 Label:SM_Cube5 SpatiallyLoaded:1 Bounds:IsValid=true, Min=(X=-0.000 Y=100.000 Z=0.000), Max=(X=100.000 Y=3400.000 Z=400.000) RuntimeGrid:None EditorOnly:0 RuntimeOnly:0 HLODRelevant:1 FolderPath:Playground FolderGuid:6C02BB504B69D1F3D7A624B130C18E5B
 |   |   |- [+] [ 30]
 |   |   |   |- Guid:EFB1EE884FA127921CC758B341A04C03 BaseClass: NativeClass:/Script/Engine.PointLight Name:PointLight_UAID_489EBD2F993B668D01_1215676016 Label:PointLight4 SpatiallyLoaded:1 Bounds:IsValid=true, Min=(X=450.000 Y=1230.000 Z=-680.000), Max=(X=2450.000 Y=3230.000 Z=1320.000) RuntimeGrid:None EditorOnly:0 RuntimeOnly:0 HLODRelevant:0
 |   |   |- [+] [ 31]
 |   |   |   |- Guid:42604E3A48D476AA73242F93E1ADFD68 BaseClass: NativeClass:/Script/Engine.PointLight Name:PointLight_UAID_489EBD2F993B668D01_1243286017 Label:PointLight5 SpatiallyLoaded:1 Bounds:IsValid=true, Min=(X=-8350.000 Y=-6610.000 Z=-9640.000), Max=(X=11650.000 Y=13390.000 Z=10360.000) RuntimeGrid:None EditorOnly:0 RuntimeOnly:0 HLODRelevant:0
 |   |   |- [+] [ 32]
 |   |   |   |- Guid:CD5B522243837D1B9225D5AC8AE21105 BaseClass: NativeClass:/Script/Engine.PointLight Name:PointLight_UAID_489EBD2F993B668D01_1207824015 Label:PointLight3 SpatiallyLoaded:1 Bounds:IsValid=true, Min=(X=780.000 Y=1230.000 Z=-680.000), Max=(X=2780.000 Y=3230.000 Z=1320.000) RuntimeGrid:None EditorOnly:0 RuntimeOnly:0 HLODRelevant:0
 |   |   |- [+] [ 33]
 |   |   |   |- Guid:BAB275144FBDCFC45F9CC0893BA5A5BF BaseClass: NativeClass:/Script/Engine.SkeletalMeshActor Name:SkeletalMeshActor_UAID_489EBD2F993B698D01_1558648579 Label:SKM_SportsCar SpatiallyLoaded:1 Bounds:IsValid=true, Min=(X=1249.350 Y=1792.370 Z=409.006), Max=(X=1510.650 Y=2145.695 Z=510.988) RuntimeGrid:None EditorOnly:0 RuntimeOnly:0 HLODRelevant:0
 |   |   |- [+] [ 34]
 |   |   |   |- Guid:DC0A7079477F8FEEDD32298B629B4A6E BaseClass: NativeClass:/Script/Engine.Actor Name:Actor_UAID_489EBD2F993B6B8D01_1192205933 Label:Actor SpatiallyLoaded:1 Bounds:IsValid=true, Min=(X=2250.000 Y=1500.000 Z=180.000), Max=(X=2250.000 Y=1500.000 Z=180.000) RuntimeGrid:None EditorOnly:0 RuntimeOnly:0 HLODRelevant:0
 |   |   |- [+] [ 35]
 |   |   |   |- Guid:A183CFD84E3E0E3D2E2C2AB0ADEEB85B BaseClass: NativeClass:/Script/Engine.SkeletalMeshActor Name:SkeletalMeshActor_UAID_489EBD2F993B6B8D01_1655956936 Label:SportsCar_PhysicsAsset SpatiallyLoaded:1 Bounds:IsValid=true, Min=(X=1576.493 Y=2459.350 Z=1335.341), Max=(X=2047.594 Y=2720.650 Z=1471.318) RuntimeGrid:None EditorOnly:0 RuntimeOnly:0 HLODRelevant:0
 |   |   |- [+] [ 36]
 |   |   |   |- Guid:FAD1B8F347C79D1FBA1F8C82CD7F97BB BaseClass: NativeClass:/Script/Engine.StaticMeshActor Name:StaticMeshActor_UAID_489EBD2F993B728D01_1318334177 Label:Cube3 SpatiallyLoaded:1 Bounds:IsValid=true, Min=(X=2470.000 Y=1050.000 Z=-175.000), Max=(X=2570.000 Y=1150.000 Z=-165.000) RuntimeGrid:None EditorOnly:0 RuntimeOnly:0 HLODRelevant:1
 |   |   |- [+] [ 37]
 |   |   |   |- Guid:6AA32B3B45A1FAEB9B90F6A72FD3DCEB BaseClass: NativeClass:/Script/Niagara.NiagaraActor Name:NiagaraActor_UAID_489EBD2F993B728D01_1285996176 Label:gas6 SpatiallyLoaded:1 Bounds:IsValid=true, Min=(X=1520.000 Y=2270.000 Z=260.000), Max=(X=1820.000 Y=2870.000 Z=560.000) RuntimeGrid:None EditorOnly:0 RuntimeOnly:0 HLODRelevant:0
 |   |   |   |- Guid:D18B9C9F4A3DED75A9F07E8E7AF2AA96 BaseClass: NativeClass:/Script/Niagara.NiagaraActor Name:NiagaraActor_UAID_489EBD2F993B6D8D01_1121576289 Label:gas5 SpatiallyLoaded:1 Bounds:IsValid=true, Min=(X=1520.000 Y=2270.000 Z=180.000), Max=(X=1820.000 Y=2870.000 Z=480.000) RuntimeGrid:None EditorOnly:0 RuntimeOnly:0 HLODRelevant:0
 |   |   |   |- Guid:1F5B73A949B1D9BACA321FA639E308D0 BaseClass: NativeClass:/Script/Niagara.NiagaraActor Name:NiagaraActor_UAID_489EBD2F993B678D01_1684692222 Label:gas4 SpatiallyLoaded:1 Bounds:IsValid=true, Min=(X=1520.000 Y=2270.000 Z=220.000), Max=(X=1820.000 Y=2870.000 Z=520.000) RuntimeGrid:None EditorOnly:0 RuntimeOnly:0 HLODRelevant:0
 |   |   |   |- Guid:814734BD4096B71DB13B0685B821EC3C BaseClass: NativeClass:/Script/Niagara.NiagaraActor Name:NiagaraActor_UAID_489EBD2F993B678D01_1677151221 Label:gas3 SpatiallyLoaded:1 Bounds:IsValid=true, Min=(X=1520.000 Y=2270.000 Z=180.000), Max=(X=1820.000 Y=2870.000 Z=480.000) RuntimeGrid:None EditorOnly:0 RuntimeOnly:0 HLODRelevant:0
 |   |   |   |- Guid:547B8B594967A3972E978594AED3F15C BaseClass: NativeClass:/Script/Niagara.NiagaraActor Name:NiagaraActor_UAID_489EBD2F993B678D01_1673236220 Label:gas2 SpatiallyLoaded:1 Bounds:IsValid=true, Min=(X=1520.000 Y=2270.000 Z=260.000), Max=(X=1820.000 Y=2870.000 Z=560.000) RuntimeGrid:None EditorOnly:0 RuntimeOnly:0 HLODRelevant:0
 |   |   |   |- Guid:F7A7C99E4F7D843B6F3C91898697BD3E BaseClass: NativeClass:/Script/Niagara.NiagaraActor Name:NiagaraActor_UAID_489EBD2F993B678D01_1591658219 Label:gas SpatiallyLoaded:1 Bounds:IsValid=true, Min=(X=1520.000 Y=2270.000 Z=300.000), Max=(X=1820.000 Y=2870.000 Z=600.000) RuntimeGrid:None EditorOnly:0 RuntimeOnly:0 HLODRelevant:0
 |   |   |- [+] [ 38]
 |   |   |   |- Guid:E4C5D13849973D6A3CE305BD521BB1EE BaseClass: NativeClass:/Script/Engine.StaticMeshActor Name:StaticMeshActor_UAID_489EBD2F993B728D01_1367290178 Label:Cube4 SpatiallyLoaded:1 Bounds:IsValid=true, Min=(X=2600.000 Y=1525.000 Z=20.000), Max=(X=2700.000 Y=1535.000 Z=120.000) RuntimeGrid:None EditorOnly:0 RuntimeOnly:0 HLODRelevant:1
 |   |   |- [+] [ 39]
 |   |   |   |- Guid:BD8D0A4943E4311400B477A4B9BEC656 BaseClass: NativeClass:/Script/Engine.StaticMeshActor Name:StaticMeshActor_UAID_489EBD2F993B728D01_1390739179 Label:Cube5 SpatiallyLoaded:1 Bounds:IsValid=true, Min=(X=2600.000 Y=1555.000 Z=20.000), Max=(X=2700.000 Y=1565.000 Z=120.000) RuntimeGrid:None EditorOnly:0 RuntimeOnly:0 HLODRelevant:1
 |   |   |- [+] [ 40]
 |   |   |   |- Guid:D5703A9A4A6DFA3A9F31BFBF34889106 BaseClass: NativeClass:/Script/Engine.StaticMeshActor Name:StaticMeshActor_UAID_489EBD2F993B728D01_1400358180 Label:Cube6 SpatiallyLoaded:1 Bounds:IsValid=true, Min=(X=2780.000 Y=1525.000 Z=20.000), Max=(X=2880.000 Y=1535.000 Z=120.000) RuntimeGrid:None EditorOnly:0 RuntimeOnly:0 HLODRelevant:1
 |   |   |- [+] [ 41]
 |   |   |   |- Guid:E1BAC52C4CF8697207D0BBB9ED7B0859 BaseClass: NativeClass:/Script/Engine.StaticMeshActor Name:StaticMeshActor_UAID_489EBD2F993B728D01_1404998181 Label:Cube7 SpatiallyLoaded:1 Bounds:IsValid=true, Min=(X=2780.000 Y=1555.000 Z=20.000), Max=(X=2880.000 Y=1565.000 Z=120.000) RuntimeGrid:None EditorOnly:0 RuntimeOnly:0 HLODRelevant:1
 |   |   |- [+] [ 42]
 |   |   |   |- Guid:1876105C4FA0DF7F6E01B7B8EBBD299F BaseClass: NativeClass:/Script/Engine.StaticMeshActor Name:StaticMeshActor_UAID_489EBD2F993B728D01_1417448182 Label:Cube8 SpatiallyLoaded:1 Bounds:IsValid=true, Min=(X=2585.000 Y=1545.000 Z=20.000), Max=(X=2715.000 Y=1555.000 Z=120.000) RuntimeGrid:None EditorOnly:0 RuntimeOnly:0 HLODRelevant:0
 |- ContainerInstances:
 |- [+] MainContainer:
 |   |-        ID: 0x0000000000000000
 |   |-    Bounds: IsValid=false, Min=(X=0.000 Y=0.000 Z=0.000), Max=(X=0.000 Y=0.000 Z=0.000)
 |   |- Transform: 0.000000,0.000000,0.000000|0.000000,0.000000,-0.000000|1.000000,1.000000,1.000000
 |   |- Container: /Game/FirstPerson/Maps/FirstPersonMap
----------------------------------------------------------------------------------------------------------------
FirstPersonMap - Persistent Level
----------------------------------------------------------------------------------------------------------------
Always loaded Actor Count: 66 

----------------------------------------------------------------------------------------------------------------
FirstPersonMap - Runtime Spatial Hash - Streaming Grid - MainGrid
----------------------------------------------------------------------------------------------------------------
            Origin: X=0.000 Y=0.000 Z=0.000
         Cell Size: 12800
      World Bounds: IsValid=false, Min=(X=0.000 Y=0.000 Z=0.000), Max=(X=0.000 Y=0.000 Z=0.000)
     Loading Range: 25600.00
Block Slow Loading: No
 ClientOnlyVisible: No

[+] Grid Levels: 1
 |- Level  0: Cell Count    0 | Cell Size   12800 | Actor Count    0 (0.0%)

[+] Content of Grid Level 0

